[debug] [2018-09-29T09:29:07.515Z] ----------------------------------------------------------------------
[debug] [2018-09-29T09:29:07.520Z] Command:       C:\Program Files\nodejs\node.exe C:\Users\hide\AppData\Roaming\npm\node_modules\firebase-tools\bin\firebase init
[debug] [2018-09-29T09:29:07.521Z] CLI Version:   4.2.1
[debug] [2018-09-29T09:29:07.521Z] Platform:      win32
[debug] [2018-09-29T09:29:07.521Z] Node Version:  v10.5.0
[debug] [2018-09-29T09:29:07.524Z] Time:          Sat Sep 29 2018 12:59:07 GMT+0330 (GMT+03:30)
[debug] [2018-09-29T09:29:07.524Z] ----------------------------------------------------------------------
[debug] 
[debug] [2018-09-29T09:29:07.551Z] > command requires scopes: ["email","openid","https://www.googleapis.com/auth/cloudplatformprojects.readonly","https://www.googleapis.com/auth/firebase"]
[debug] [2018-09-29T09:29:07.553Z] > authorizing via signed-in user
[info] 
     ######## #### ########  ######## ########     ###     ######  ########
     ##        ##  ##     ## ##       ##     ##  ##   ##  ##       ##
     ######    ##  ########  ######   ########  #########  ######  ######
     ##        ##  ##    ##  ##       ##     ## ##     ##       ## ##
     ##       #### ##     ## ######## ########  ##     ##  ######  ########

You're about to initialize a Firebase project in this directory:

  C:\Users\hide\Desktop\api

[info] 
=== Project Setup
[info] 
[info] First, let's associate this project directory with a Firebase project.
[info] You can create multiple project aliases by running firebase use --add, 
[info] but for now we'll just set up a default project.
[info] 
[debug] [2018-09-29T09:29:17.424Z] >>> HTTP REQUEST GET https://admin.firebase.com/v1/projects  
 
[debug] [2018-09-29T09:29:40.136Z] Error: connect ETIMEDOUT 104.197.85.31:443
    at TCPConnectWrap.afterConnect [as oncomplete] (net.js:1159:14)
[error] 
[error] Error: Server Error. connect ETIMEDOUT 104.197.85.31:443
